:Monkey: seed=1613947739550 count=500
:AllowPackage: com.tcl.joylockscreen
:IncludeCategory: android.intent.category.LAUNCHER
:IncludeCategory: android.intent.category.MONKEY
// Selecting main activities from category android.intent.category.LAUNCHER
//   - NOT USING main activity com.android.browser.BrowserActivity (from package com.android.browser)
//   - NOT USING main activity com.android.contacts.activities.PeopleActivity (from package com.android.contacts)
//   - NOT USING main activity com.android.gallery3d.app.GalleryActivity (from package com.android.gallery3d)
//   - NOT USING main activity com.android.settings.Settings (from package com.android.settings)
//   - NOT USING main activity com.cyanogenmod.filemanager.activities.NavigationActivity (from package com.cyanogenmod.filemanager)
//   - NOT USING main activity com.android.documentsui.LauncherActivity (from package com.android.documentsui)
//   - NOT USING main activity com.android.flysilkworm.app.activity.FrameworkActivity (from package com.android.flysilkworm)
//   - NOT USING main activity ldmnq.ldapp.MainActivity (from package com.android.googleinstaller)
//   - NOT USING main activity com.github.uiautomator.MainActivity (from package com.github.uiautomator)
//   - NOT USING main activity com.haodou.recipe.page.activity.SplashActivity2 (from package com.haodou.recipe)
//   - NOT USING main activity com.microsoft.next.activity.MainActivity (from package com.microsoft.next)
//   + Using main activity com.tcl.joylockscreen.settings.activity.SplashActivity (from package com.tcl.joylockscreen)
//   - NOT USING main activity com.ximalaya.ting.android.host.activity.WelComeActivity (from package com.ximalaya.ting.android)
//   - NOT USING main activity io.appium.settings.Settings (from package io.appium.settings)
// Selecting main activities from category android.intent.category.MONKEY
//   - NOT USING main activity com.android.launcher3.Launcher (from package com.android.launcher3)
//   - NOT USING main activity com.android.settings.Settings$RunningServicesActivity (from package com.android.settings)
//   - NOT USING main activity com.android.settings.Settings$StorageUseActivity (from package com.android.settings)
// Seeded: 1613947739550
// Event percentages:
//   0: 15.0%
//   1: 10.0%
//   2: 2.0%
//   3: 15.0%
//   4: -0.0%
//   5: -0.0%
//   6: 25.0%
//   7: 15.0%
//   8: 2.0%
//   9: 2.0%
//   10: 1.0%
//   11: 13.0%
:Switch: #Intent;action=android.intent.action.MAIN;category=android.intent.category.LAUNCHER;launchFlags=0x10200000;component=com.tcl.joylockscreen/.settings.activity.SplashActivity;end
    // Allowing start of Intent { act=android.intent.action.MAIN cat=[android.intent.category.LAUNCHER] cmp=com.tcl.joylockscreen/.settings.activity.SplashActivity } in package com.tcl.joylockscreen
Sleeping for 500 milliseconds
:Sending Touch (ACTION_DOWN): 0:(468.0,1214.0)
:Sending Touch (ACTION_UP): 0:(470.77454,1230.0846)
Sleeping for 500 milliseconds
    // Allowing start of Intent { cmp=com.tcl.joylockscreen/.settings.wallpaper.WallpaperActivity } in package com.tcl.joylockscreen
:Sending Key (ACTION_DOWN): 21    // KEYCODE_DPAD_LEFT
:Sending Key (ACTION_UP): 21    // KEYCODE_DPAD_LEFT
Sleeping for 500 milliseconds
:Sending Key (ACTION_DOWN): 20    // KEYCODE_DPAD_DOWN
:Sending Key (ACTION_UP): 20    // KEYCODE_DPAD_DOWN
Sleeping for 500 milliseconds
:Sending Trackball (ACTION_MOVE): 0:(1.0,4.0)
:Sending Trackball (ACTION_MOVE): 0:(3.0,-1.0)
:Sending Trackball (ACTION_MOVE): 0:(0.0,4.0)
:Sending Trackball (ACTION_MOVE): 0:(-3.0,-5.0)
:Sending Trackball (ACTION_MOVE): 0:(-4.0,-5.0)
:Sending Trackball (ACTION_MOVE): 0:(4.0,-4.0)
:Sending Trackball (ACTION_MOVE): 0:(4.0,-5.0)
:Sending Trackball (ACTION_MOVE): 0:(-4.0,4.0)
:Sending Trackball (ACTION_MOVE): 0:(-3.0,2.0)
:Sending Trackball (ACTION_MOVE): 0:(2.0,3.0)
:Sending Touch (ACTION_DOWN): 0:(893.0,662.0)
:Sending Touch (ACTION_UP): 0:(893.16077,644.6502)
Sleeping for 500 milliseconds
:Sending Trackball (ACTION_MOVE): 0:(-4.0,3.0)
:Sending Trackball (ACTION_MOVE): 0:(-1.0,-2.0)
:Sending Trackball (ACTION_MOVE): 0:(1.0,2.0)
:Sending Trackball (ACTION_MOVE): 0:(1.0,3.0)
:Sending Trackball (ACTION_MOVE): 0:(3.0,-4.0)
:Sending Trackball (ACTION_MOVE): 0:(4.0,2.0)
:Sending Trackball (ACTION_MOVE): 0:(-3.0,-3.0)
:Sending Trackball (ACTION_MOVE): 0:(3.0,-1.0)
:Sending Trackball (ACTION_MOVE): 0:(-2.0,3.0)
:Sending Trackball (ACTION_MOVE): 0:(3.0,0.0)
:Sending Key (ACTION_DOWN): 82    // KEYCODE_MENU
:Sending Key (ACTION_UP): 82    // KEYCODE_MENU
Sleeping for 500 milliseconds
:Sending Touch (ACTION_DOWN): 0:(30.0,1460.0)
:Sending Touch (ACTION_UP): 0:(21.056,1463.8983)
Sleeping for 500 milliseconds
:Sending Key (ACTION_DOWN): 19    // KEYCODE_DPAD_UP
:Sending Key (ACTION_UP): 19    // KEYCODE_DPAD_UP
Sleeping for 500 milliseconds
:Sending Trackball (ACTION_MOVE): 0:(3.0,0.0)
:Sending Trackball (ACTION_MOVE): 0:(0.0,0.0)
:Sending Trackball (ACTION_MOVE): 0:(2.0,-2.0)
:Sending Trackball (ACTION_MOVE): 0:(1.0,-4.0)
:Sending Trackball (ACTION_MOVE): 0:(2.0,-3.0)
:Sending Trackball (ACTION_MOVE): 0:(3.0,4.0)
:Sending Trackball (ACTION_MOVE): 0:(0.0,3.0)
:Sending Trackball (ACTION_MOVE): 0:(3.0,4.0)
:Sending Trackball (ACTION_MOVE): 0:(-2.0,2.0)
:Sending Trackball (ACTION_MOVE): 0:(3.0,-1.0)
:Sending Key (ACTION_DOWN): 21    // KEYCODE_DPAD_LEFT
:Sending Key (ACTION_UP): 21    // KEYCODE_DPAD_LEFT
Sleeping for 500 milliseconds
:Sending Key (ACTION_DOWN): 82    // KEYCODE_MENU
:Sending Key (ACTION_UP): 82    // KEYCODE_MENU
Sleeping for 500 milliseconds
:Sending Touch (ACTION_DOWN): 0:(1063.0,804.0)
:Sending Touch (ACTION_MOVE): 0:(1067.5575,782.9885)
    // Injection Failed
:Sending Touch (ACTION_MOVE): 0:(1071.0731,772.22235)
    // Injection Failed
:Sending Touch (ACTION_MOVE): 0:(1077.4285,767.4697)
    // Injection Failed
:Sending Touch (ACTION_MOVE): 0:(1080.0,755.1172)
    // Injection Failed
:Sending Touch (ACTION_MOVE): 0:(1080.0,750.1625)
    // Injection Failed
:Sending Touch (ACTION_UP): 0:(1080.0,747.62585)
    // Injection Failed
Sleeping for 500 milliseconds
:Sending Key (ACTION_DOWN): 23    // KEYCODE_DPAD_CENTER
:Sending Key (ACTION_UP): 23    // KEYCODE_DPAD_CENTER
Sleeping for 500 milliseconds
:Sending Key (ACTION_DOWN): 5    // KEYCODE_CALL
:Sending Key (ACTION_UP): 5    // KEYCODE_CALL
Sleeping for 500 milliseconds
:Sending Touch (ACTION_DOWN): 0:(225.0,2.0)
:Sending Touch (ACTION_UP): 0:(208.03557,0.0)
Sleeping for 500 milliseconds
:Sending Key (ACTION_DOWN): 23    // KEYCODE_DPAD_CENTER
:Sending Key (ACTION_UP): 23    // KEYCODE_DPAD_CENTER
Sleeping for 500 milliseconds
:Sending Key (ACTION_DOWN): 19    // KEYCODE_DPAD_UP
:Sending Key (ACTION_UP): 19    // KEYCODE_DPAD_UP
Sleeping for 500 milliseconds
:Sending Key (ACTION_DOWN): 23    // KEYCODE_DPAD_CENTER
:Sending Key (ACTION_UP): 23    // KEYCODE_DPAD_CENTER
Sleeping for 500 milliseconds
:Sending Trackball (ACTION_MOVE): 0:(4.0,-3.0)
:Sending Trackball (ACTION_MOVE): 0:(0.0,-2.0)
:Sending Trackball (ACTION_MOVE): 0:(-5.0,0.0)
:Sending Trackball (ACTION_MOVE): 0:(-4.0,4.0)
:Sending Trackball (ACTION_MOVE): 0:(-3.0,1.0)
:Sending Trackball (ACTION_MOVE): 0:(0.0,1.0)
:Sending Trackball (ACTION_MOVE): 0:(2.0,0.0)
:Sending Trackball (ACTION_MOVE): 0:(-5.0,3.0)
:Sending Trackball (ACTION_MOVE): 0:(-2.0,-5.0)
:Sending Trackball (ACTION_MOVE): 0:(-3.0,3.0)
:Sending Touch (ACTION_DOWN): 0:(513.0,252.0)
:Sending Touch (ACTION_UP): 0:(512.58484,251.9251)
    // Allowing start of Intent { act=pictorial_setting cmp=com.tcl.joylockscreen/.settings.pictorial.PictorialActivity } in package com.tcl.joylockscreen
Sleeping for 500 milliseconds
:Sending Touch (ACTION_DOWN): 0:(101.0,1178.0)
:Sending Touch (ACTION_UP): 0:(88.67629,1181.5546)
Sleeping for 500 milliseconds
:Sending Trackball (ACTION_MOVE): 0:(-2.0,4.0)
:Sending Trackball (ACTION_MOVE): 0:(2.0,1.0)
:Sending Trackball (ACTION_MOVE): 0:(-2.0,-2.0)
:Sending Trackball (ACTION_MOVE): 0:(-1.0,-1.0)
:Sending Trackball (ACTION_MOVE): 0:(-3.0,-1.0)
:Sending Trackball (ACTION_MOVE): 0:(-4.0,1.0)
:Sending Trackball (ACTION_MOVE): 0:(-4.0,-5.0)
:Sending Trackball (ACTION_MOVE): 0:(-5.0,0.0)
:Sending Trackball (ACTION_MOVE): 0:(-3.0,-1.0)
:Sending Trackball (ACTION_MOVE): 0:(-3.0,-4.0)
:Sending Trackball (ACTION_DOWN): 0:(0.0,0.0)
:Sending Trackball (ACTION_UP): 0:(0.0,0.0)
Sleeping for 500 milliseconds
:Sending Key (ACTION_DOWN): 21    // KEYCODE_DPAD_LEFT
:Sending Key (ACTION_UP): 21    // KEYCODE_DPAD_LEFT
Sleeping for 500 milliseconds
:Sending Trackball (ACTION_MOVE): 0:(3.0,4.0)
:Sending Trackball (ACTION_MOVE): 0:(-1.0,-4.0)
:Sending Trackball (ACTION_MOVE): 0:(-3.0,0.0)
:Sending Trackball (ACTION_MOVE): 0:(-1.0,0.0)
    //[calendar_time:2021-02-19 07:19:49.556  system_uptime:48546569]
    // Sending event #100
:Sending Trackball (ACTION_MOVE): 0:(2.0,2.0)
:Sending Trackball (ACTION_MOVE): 0:(-5.0,3.0)
:Sending Trackball (ACTION_MOVE): 0:(-2.0,-5.0)
:Sending Trackball (ACTION_MOVE): 0:(2.0,2.0)
:Sending Trackball (ACTION_MOVE): 0:(-4.0,2.0)
:Sending Trackball (ACTION_MOVE): 0:(-1.0,-1.0)
:Sending Touch (ACTION_DOWN): 0:(429.0,109.0)
:Sending Touch (ACTION_POINTER_DOWN 1): 0:(432.5668,118.43701) 1:(975.0,262.0)
:Sending Touch (ACTION_MOVE): 0:(434.97525,125.42974) 1:(965.71796,249.46567)
:Sending Touch (ACTION_MOVE): 0:(435.33215,134.13734) 1:(965.2435,239.99828)
:Sending Touch (ACTION_MOVE): 0:(439.1615,137.60587) 1:(963.25916,221.69154)
:Sending Touch (ACTION_MOVE): 0:(442.076,148.5294) 1:(959.9745,216.84186)
:Sending Touch (ACTION_MOVE): 0:(442.6268,156.3428) 1:(953.7677,210.9942)
:Sending Touch (ACTION_MOVE): 0:(444.1863,161.56053) 1:(944.86334,192.72995)
:Sending Touch (ACTION_MOVE): 0:(446.35092,166.58714) 1:(942.5261,189.36295)
:Sending Touch (ACTION_MOVE): 0:(450.75928,171.30391) 1:(934.6977,184.08086)
:Sending Touch (ACTION_POINTER_UP 1): 0:(455.2834,174.41959) 1:(931.53296,179.1071)
:Sending Touch (ACTION_UP): 0:(459.0753,186.42027)
Sleeping for 500 milliseconds
:Sending Trackball (ACTION_MOVE): 0:(2.0,1.0)
:Sending Trackball (ACTION_MOVE): 0:(2.0,0.0)
:Sending Trackball (ACTION_MOVE): 0:(4.0,0.0)
:Sending Trackball (ACTION_MOVE): 0:(-5.0,-2.0)
:Sending Trackball (ACTION_MOVE): 0:(-1.0,1.0)
:Sending Trackball (ACTION_MOVE): 0:(-3.0,-1.0)
:Sending Trackball (ACTION_MOVE): 0:(-4.0,-1.0)
:Sending Trackball (ACTION_MOVE): 0:(-3.0,-3.0)
:Sending Trackball (ACTION_MOVE): 0:(-5.0,3.0)
:Sending Trackball (ACTION_MOVE): 0:(4.0,-3.0)
:Sending Key (ACTION_DOWN): 20    // KEYCODE_DPAD_DOWN
:Sending Key (ACTION_UP): 20    // KEYCODE_DPAD_DOWN
Sleeping for 500 milliseconds
:Sending Key (ACTION_DOWN): 206    // KEYCODE_3D_MODE
:Sending Key (ACTION_UP): 206    // KEYCODE_3D_MODE
Sleeping for 500 milliseconds
:Sending Key (ACTION_DOWN): 20    // KEYCODE_DPAD_DOWN
:Sending Key (ACTION_UP): 20    // KEYCODE_DPAD_DOWN
Sleeping for 500 milliseconds
:Sending Touch (ACTION_DOWN): 0:(863.0,399.0)
:Sending Touch (ACTION_POINTER_DOWN 1): 0:(865.3047,395.55414) 1:(780.0,1464.0)
:Sending Touch (ACTION_MOVE): 0:(871.63055,381.12155) 1:(762.21387,1459.012)
:Sending Touch (ACTION_MOVE): 0:(883.7304,368.25125) 1:(761.3044,1458.2853)
:Sending Touch (ACTION_MOVE): 0:(885.178,355.4993) 1:(756.44745,1446.3909)
:Sending Touch (ACTION_MOVE): 0:(890.2092,348.99026) 1:(752.10455,1438.7344)
:Sending Touch (ACTION_MOVE): 0:(895.3743,344.84216) 1:(748.4507,1436.0906)
:Sending Touch (ACTION_MOVE): 0:(901.69037,338.7061) 1:(745.8375,1428.0731)
:Sending Touch (ACTION_MOVE): 0:(905.35803,338.1747) 1:(743.6753,1419.5991)
:Sending Touch (ACTION_POINTER_UP 1): 0:(913.05536,336.30655) 1:(733.52094,1410.9452)
:Sending Touch (ACTION_UP): 0:(924.1981,327.0922)
Sleeping for 500 milliseconds
:Sending Key (ACTION_DOWN): 176    // KEYCODE_SETTINGS
:Sending Key (ACTION_UP): 176    // KEYCODE_SETTINGS
Sleeping for 500 milliseconds
:Sending Key (ACTION_DOWN): 137    // KEYCODE_F7
:Sending Key (ACTION_UP): 137    // KEYCODE_F7
Sleeping for 500 milliseconds
:Sending Touch (ACTION_DOWN): 0:(602.0,411.0)
:Sending Touch (ACTION_UP): 0:(589.8766,427.52353)
Sleeping for 500 milliseconds
:Sending Touch (ACTION_DOWN): 0:(608.0,1670.0)
:Sending Touch (ACTION_POINTER_DOWN 1): 0:(612.77277,1666.5862) 1:(886.0,966.0)
:Sending Touch (ACTION_MOVE): 0:(615.7104,1666.4991) 1:(896.4141,974.9679)
:Sending Touch (ACTION_MOVE): 0:(618.7467,1666.2649) 1:(906.8334,977.3448)
:Sending Touch (ACTION_MOVE): 0:(629.804,1662.2502) 1:(907.05945,986.41754)
:Sending Touch (ACTION_MOVE): 0:(631.7561,1660.9518) 1:(914.63104,991.11957)
:Sending Touch (ACTION_MOVE): 0:(635.06573,1659.4095) 1:(916.54987,1000.0333)
:Sending Touch (ACTION_MOVE): 0:(635.1404,1658.1328) 1:(937.5297,1003.9081)
:Sending Touch (ACTION_MOVE): 0:(642.34247,1656.5326) 1:(941.45087,1007.8491)
:Sending Touch (ACTION_POINTER_UP 1): 0:(654.35645,1652.8848) 1:(942.48444,1009.47217)
:Sending Touch (ACTION_UP): 0:(662.9072,1650.615)
Sleeping for 500 milliseconds
:Sending Trackball (ACTION_MOVE): 0:(-2.0,2.0)
:Sending Trackball (ACTION_MOVE): 0:(1.0,1.0)
:Sending Trackball (ACTION_MOVE): 0:(-1.0,0.0)
:Sending Trackball (ACTION_MOVE): 0:(3.0,1.0)
:Sending Trackball (ACTION_MOVE): 0:(-3.0,1.0)
:Sending Trackball (ACTION_MOVE): 0:(-3.0,-5.0)
:Sending Trackball (ACTION_MOVE): 0:(3.0,-3.0)
:Sending Trackball (ACTION_MOVE): 0:(0.0,-2.0)
:Sending Trackball (ACTION_MOVE): 0:(-2.0,4.0)
:Sending Trackball (ACTION_MOVE): 0:(0.0,1.0)
:Sending Key (ACTION_DOWN): 23    // KEYCODE_DPAD_CENTER
:Sending Key (ACTION_UP): 23    // KEYCODE_DPAD_CENTER
Sleeping for 500 milliseconds
:Sending Key (ACTION_DOWN): 272    // KEYCODE_MEDIA_SKIP_FORWARD
:Sending Key (ACTION_UP): 272    // KEYCODE_MEDIA_SKIP_FORWARD
Sleeping for 500 milliseconds
:Sending Key (ACTION_DOWN): 11    // KEYCODE_4
:Sending Key (ACTION_UP): 11    // KEYCODE_4
Sleeping for 500 milliseconds
:Sending Key (ACTION_DOWN): 23    // KEYCODE_DPAD_CENTER
:Sending Key (ACTION_UP): 23    // KEYCODE_DPAD_CENTER
Sleeping for 500 milliseconds
:Sending Key (ACTION_DOWN): 23    // KEYCODE_DPAD_CENTER
:Sending Key (ACTION_UP): 23    // KEYCODE_DPAD_CENTER
Sleeping for 500 milliseconds
:Sending Key (ACTION_DOWN): 135    // KEYCODE_F5
:Sending Key (ACTION_UP): 135    // KEYCODE_F5
Sleeping for 500 milliseconds
:Sending Trackball (ACTION_MOVE): 0:(4.0,-1.0)
:Sending Trackball (ACTION_MOVE): 0:(-1.0,-2.0)
:Sending Trackball (ACTION_MOVE): 0:(3.0,-5.0)
:Sending Trackball (ACTION_MOVE): 0:(-3.0,-5.0)
:Sending Trackball (ACTION_MOVE): 0:(-4.0,2.0)
:Sending Trackball (ACTION_MOVE): 0:(1.0,-3.0)
:Sending Trackball (ACTION_MOVE): 0:(3.0,3.0)
:Sending Trackball (ACTION_MOVE): 0:(0.0,2.0)
:Sending Trackball (ACTION_MOVE): 0:(0.0,-5.0)
:Sending Trackball (ACTION_MOVE): 0:(1.0,-3.0)
:Sending Key (ACTION_DOWN): 19    // KEYCODE_DPAD_UP
:Sending Key (ACTION_UP): 19    // KEYCODE_DPAD_UP
Sleeping for 500 milliseconds
:Sending Trackball (ACTION_MOVE): 0:(-1.0,2.0)
:Sending Trackball (ACTION_MOVE): 0:(-3.0,2.0)
:Sending Trackball (ACTION_MOVE): 0:(-1.0,-1.0)
:Sending Trackball (ACTION_MOVE): 0:(4.0,4.0)
    //[calendar_time:2021-02-19 07:19:59.994  system_uptime:48556997]
    // Sending event #200
:Sending Trackball (ACTION_MOVE): 0:(2.0,3.0)
:Sending Trackball (ACTION_MOVE): 0:(0.0,2.0)
:Sending Trackball (ACTION_MOVE): 0:(-1.0,2.0)
:Sending Trackball (ACTION_MOVE): 0:(3.0,-4.0)
:Sending Trackball (ACTION_MOVE): 0:(0.0,2.0)
:Sending Trackball (ACTION_MOVE): 0:(-3.0,0.0)
:Switch: #Intent;action=android.intent.action.MAIN;category=android.intent.category.LAUNCHER;launchFlags=0x10200000;component=com.tcl.joylockscreen/.settings.activity.SplashActivity;end
    // Allowing start of Intent { act=android.intent.action.MAIN cat=[android.intent.category.LAUNCHER] cmp=com.tcl.joylockscreen/.settings.activity.SplashActivity } in package com.tcl.joylockscreen
Sleeping for 500 milliseconds
:Sending Key (ACTION_DOWN): 178    // KEYCODE_TV_INPUT
:Sending Key (ACTION_UP): 178    // KEYCODE_TV_INPUT
Sleeping for 500 milliseconds
:Sending Key (ACTION_DOWN): 51    // KEYCODE_W
:Sending Key (ACTION_UP): 51    // KEYCODE_W
Sleeping for 500 milliseconds
:Sending Key (ACTION_DOWN): 82    // KEYCODE_MENU
:Sending Key (ACTION_UP): 82    // KEYCODE_MENU
Sleeping for 500 milliseconds
:Sending Key (ACTION_DOWN): 22    // KEYCODE_DPAD_RIGHT
:Sending Key (ACTION_UP): 22    // KEYCODE_DPAD_RIGHT
Sleeping for 500 milliseconds
:Sending Touch (ACTION_DOWN): 0:(63.0,861.0)
:Sending Touch (ACTION_UP): 0:(61.43655,860.14703)
Sleeping for 500 milliseconds
:Sending Key (ACTION_DOWN): 277    // KEYCODE_CUT
:Sending Key (ACTION_UP): 277    // KEYCODE_CUT
Sleeping for 500 milliseconds
:Sending Key (ACTION_DOWN): 55    // KEYCODE_COMMA
:Sending Key (ACTION_UP): 55    // KEYCODE_COMMA
Sleeping for 500 milliseconds
:Sending Touch (ACTION_DOWN): 0:(722.0,1324.0)
:Sending Touch (ACTION_POINTER_DOWN 1): 0:(727.1629,1308.3474) 1:(886.0,1298.0)
:Sending Touch (ACTION_MOVE): 0:(732.702,1291.8705) 1:(892.03296,1289.2711)
:Sending Touch (ACTION_POINTER_UP 1): 0:(748.72516,1283.0492) 1:(899.54364,1286.3231)
:Sending Touch (ACTION_UP): 0:(757.6921,1272.6871)
Sleeping for 500 milliseconds
:Sending Trackball (ACTION_MOVE): 0:(-3.0,-5.0)
:Sending Trackball (ACTION_MOVE): 0:(-4.0,-2.0)
:Sending Trackball (ACTION_MOVE): 0:(2.0,-1.0)
:Sending Trackball (ACTION_MOVE): 0:(-4.0,-3.0)
:Sending Trackball (ACTION_MOVE): 0:(-3.0,-1.0)
:Sending Trackball (ACTION_MOVE): 0:(-5.0,0.0)
:Sending Trackball (ACTION_MOVE): 0:(2.0,-5.0)
:Sending Trackball (ACTION_MOVE): 0:(2.0,-4.0)
:Sending Trackball (ACTION_MOVE): 0:(3.0,-5.0)
:Sending Trackball (ACTION_MOVE): 0:(-2.0,-2.0)
:Sending Key (ACTION_DOWN): 150    // KEYCODE_NUMPAD_6
:Sending Key (ACTION_UP): 150    // KEYCODE_NUMPAD_6
Sleeping for 500 milliseconds
:Sending Key (ACTION_DOWN): 82    // KEYCODE_MENU
:Sending Key (ACTION_UP): 82    // KEYCODE_MENU
Sleeping for 500 milliseconds
:Sending Key (ACTION_DOWN): 22    // KEYCODE_DPAD_RIGHT
:Sending Key (ACTION_UP): 22    // KEYCODE_DPAD_RIGHT
Sleeping for 500 milliseconds
:Sending Key (ACTION_DOWN): 4    // KEYCODE_BACK
:Sending Key (ACTION_UP): 4    // KEYCODE_BACK
Sleeping for 500 milliseconds
:Sending Key (ACTION_DOWN): 60    // KEYCODE_SHIFT_RIGHT
:Sending Key (ACTION_UP): 60    // KEYCODE_SHIFT_RIGHT
Sleeping for 500 milliseconds
:Sending Key (ACTION_DOWN): 82    // KEYCODE_MENU
:Sending Key (ACTION_UP): 82    // KEYCODE_MENU
Sleeping for 500 milliseconds
:Sending Key (ACTION_DOWN): 19    // KEYCODE_DPAD_UP
:Sending Key (ACTION_UP): 19    // KEYCODE_DPAD_UP
Sleeping for 500 milliseconds
:Sending Key (ACTION_DOWN): 21    // KEYCODE_DPAD_LEFT
:Sending Key (ACTION_UP): 21    // KEYCODE_DPAD_LEFT
Sleeping for 500 milliseconds
:Sending Key (ACTION_DOWN): 82    // KEYCODE_MENU
:Sending Key (ACTION_UP): 82    // KEYCODE_MENU
Sleeping for 500 milliseconds
:Sending Key (ACTION_DOWN): 227    // KEYCODE_11
:Sending Key (ACTION_UP): 227    // KEYCODE_11
Sleeping for 500 milliseconds
:Sending Key (ACTION_DOWN): 60    // KEYCODE_SHIFT_RIGHT
:Sending Key (ACTION_UP): 60    // KEYCODE_SHIFT_RIGHT
Sleeping for 500 milliseconds
:Sending Trackball (ACTION_MOVE): 0:(4.0,3.0)
:Sending Trackball (ACTION_MOVE): 0:(0.0,-1.0)
:Sending Trackball (ACTION_MOVE): 0:(0.0,0.0)
:Sending Trackball (ACTION_MOVE): 0:(4.0,-1.0)
:Sending Trackball (ACTION_MOVE): 0:(0.0,0.0)
:Sending Trackball (ACTION_MOVE): 0:(2.0,-5.0)
:Sending Trackball (ACTION_MOVE): 0:(-4.0,-1.0)
:Sending Trackball (ACTION_MOVE): 0:(3.0,4.0)
:Sending Trackball (ACTION_MOVE): 0:(-1.0,3.0)
:Sending Trackball (ACTION_MOVE): 0:(4.0,-3.0)
:Sending Key (ACTION_DOWN): 242    // KEYCODE_TV_ANTENNA_CABLE
:Sending Key (ACTION_UP): 242    // KEYCODE_TV_ANTENNA_CABLE
Sleeping for 500 milliseconds
:Sending Key (ACTION_DOWN): 22    // KEYCODE_DPAD_RIGHT
:Sending Key (ACTION_UP): 22    // KEYCODE_DPAD_RIGHT
Sleeping for 500 milliseconds
:Sending Touch (ACTION_DOWN): 0:(48.0,1287.0)
:Sending Touch (ACTION_MOVE): 0:(31.202229,1291.4197)
:Sending Touch (ACTION_MOVE): 0:(23.133059,1309.391)
:Sending Touch (ACTION_UP): 0:(7.596796,1324.3027)
Sleeping for 500 milliseconds
:Sending Key (ACTION_DOWN): 34    // KEYCODE_F
:Sending Key (ACTION_UP): 34    // KEYCODE_F
Sleeping for 500 milliseconds
:Sending Touch (ACTION_DOWN): 0:(261.0,1427.0)
:Sending Touch (ACTION_MOVE): 0:(267.05292,1433.7893)
:Sending Touch (ACTION_MOVE): 0:(269.44928,1436.9766)
:Sending Touch (ACTION_MOVE): 0:(286.54257,1441.9374)
:Sending Touch (ACTION_MOVE): 0:(305.49115,1447.9756)
:Sending Touch (ACTION_MOVE): 0:(324.2785,1452.5264)
:Sending Touch (ACTION_MOVE): 0:(335.17804,1453.2007)
:Sending Touch (ACTION_MOVE): 0:(346.18634,1454.7606)
:Sending Touch (ACTION_MOVE): 0:(362.6394,1457.0842)
:Sending Touch (ACTION_UP): 0:(378.7919,1463.6708)
Sleeping for 500 milliseconds
:Sending Touch (ACTION_DOWN): 0:(101.0,1009.0)
:Sending Touch (ACTION_MOVE): 0:(89.61592,1016.3666)
:Sending Touch (ACTION_MOVE): 0:(76.55699,1017.9062)
:Sending Touch (ACTION_MOVE): 0:(67.62962,1026.9734)
:Sending Touch (ACTION_MOVE): 0:(67.067055,1043.1681)
:Sending Touch (ACTION_UP): 0:(66.37246,1057.4614)
Sleeping for 500 milliseconds
:Sending Key (ACTION_DOWN): 23    // KEYCODE_DPAD_CENTER
:Sending Key (ACTION_UP): 23    // KEYCODE_DPAD_CENTER
Sleeping for 500 milliseconds
:Sending Touch (ACTION_DOWN): 0:(672.0,1910.0)
:Sending Touch (ACTION_MOVE): 0:(672.03186,1888.2168)
:Sending Touch (ACTION_MOVE): 0:(676.97516,1887.1515)
:Sending Touch (ACTION_MOVE): 0:(679.98505,1871.9596)
    //[calendar_time:2021-02-19 07:20:17.945  system_uptime:48574947]
    // Sending event #300
:Sending Touch (ACTION_MOVE): 0:(681.2746,1861.4904)
:Sending Touch (ACTION_MOVE): 0:(686.02277,1840.7874)
:Sending Touch (ACTION_UP): 0:(687.0435,1828.0526)
Sleeping for 500 milliseconds
:Sending Touch (ACTION_DOWN): 0:(1006.0,662.0)
:Sending Touch (ACTION_UP): 0:(1006.3772,658.1662)
Sleeping for 500 milliseconds
:Sending Touch (ACTION_DOWN): 0:(57.0,1670.0)
:Sending Touch (ACTION_UP): 0:(51.045,1661.2483)
Sleeping for 500 milliseconds
:Sending Touch (ACTION_DOWN): 0:(865.0,1575.0)
:Sending Touch (ACTION_UP): 0:(866.0307,1563.2511)
Sleeping for 500 milliseconds
:Sending Key (ACTION_DOWN): 20    // KEYCODE_DPAD_DOWN
:Sending Key (ACTION_UP): 20    // KEYCODE_DPAD_DOWN
Sleeping for 500 milliseconds
:Sending Key (ACTION_DOWN): 22    // KEYCODE_DPAD_RIGHT
:Sending Key (ACTION_UP): 22    // KEYCODE_DPAD_RIGHT
Sleeping for 500 milliseconds
:Sending Touch (ACTION_DOWN): 0:(112.0,58.0)
:Sending Touch (ACTION_MOVE): 0:(117.530785,49.94571)
:Sending Touch (ACTION_MOVE): 0:(128.88107,39.87792)
:Sending Touch (ACTION_UP): 0:(129.60582,34.201023)
Sleeping for 500 milliseconds
:Sending Key (ACTION_DOWN): 21    // KEYCODE_DPAD_LEFT
:Sending Key (ACTION_UP): 21    // KEYCODE_DPAD_LEFT
Sleeping for 500 milliseconds
:Sending Trackball (ACTION_MOVE): 0:(4.0,0.0)
:Sending Trackball (ACTION_MOVE): 0:(4.0,4.0)
:Sending Trackball (ACTION_MOVE): 0:(-1.0,-1.0)
:Sending Trackball (ACTION_MOVE): 0:(0.0,-3.0)
:Sending Trackball (ACTION_MOVE): 0:(-2.0,1.0)
:Sending Trackball (ACTION_MOVE): 0:(1.0,1.0)
:Sending Trackball (ACTION_MOVE): 0:(-5.0,4.0)
:Sending Trackball (ACTION_MOVE): 0:(0.0,1.0)
:Sending Trackball (ACTION_MOVE): 0:(-5.0,-5.0)
:Sending Trackball (ACTION_MOVE): 0:(-4.0,-3.0)
:Sending Touch (ACTION_DOWN): 0:(729.0,1775.0)
:Sending Touch (ACTION_MOVE): 0:(722.39166,1763.7897)
:Sending Touch (ACTION_MOVE): 0:(720.417,1763.6663)
:Sending Touch (ACTION_MOVE): 0:(704.3072,1754.2596)
:Sending Touch (ACTION_MOVE): 0:(697.5075,1734.7069)
:Sending Touch (ACTION_MOVE): 0:(683.6401,1718.2474)
:Sending Touch (ACTION_UP): 0:(668.97076,1707.5015)
Sleeping for 500 milliseconds
:Sending Trackball (ACTION_MOVE): 0:(-5.0,4.0)
:Sending Trackball (ACTION_MOVE): 0:(3.0,3.0)
:Sending Trackball (ACTION_MOVE): 0:(-4.0,-5.0)
:Sending Trackball (ACTION_MOVE): 0:(-5.0,-2.0)
:Sending Trackball (ACTION_MOVE): 0:(-3.0,4.0)
:Sending Trackball (ACTION_MOVE): 0:(-2.0,0.0)
:Sending Trackball (ACTION_MOVE): 0:(-3.0,2.0)
:Sending Trackball (ACTION_MOVE): 0:(-5.0,-2.0)
:Sending Trackball (ACTION_MOVE): 0:(-2.0,-3.0)
:Sending Trackball (ACTION_MOVE): 0:(-4.0,-3.0)
:Sending Key (ACTION_DOWN): 21    // KEYCODE_DPAD_LEFT
:Sending Key (ACTION_UP): 21    // KEYCODE_DPAD_LEFT
Sleeping for 500 milliseconds
:Sending Touch (ACTION_DOWN): 0:(103.0,1617.0)
:Sending Touch (ACTION_UP): 0:(89.52116,1613.6554)
Sleeping for 500 milliseconds
:Sending Key (ACTION_DOWN): 82    // KEYCODE_MENU
:Sending Key (ACTION_UP): 82    // KEYCODE_MENU
Sleeping for 500 milliseconds
:Sending Key (ACTION_DOWN): 22    // KEYCODE_DPAD_RIGHT
:Sending Key (ACTION_UP): 22    // KEYCODE_DPAD_RIGHT
Sleeping for 500 milliseconds
:Sending Trackball (ACTION_MOVE): 0:(-3.0,-5.0)
:Sending Trackball (ACTION_MOVE): 0:(1.0,2.0)
:Sending Trackball (ACTION_MOVE): 0:(4.0,2.0)
:Sending Trackball (ACTION_MOVE): 0:(-5.0,-5.0)
:Sending Trackball (ACTION_MOVE): 0:(4.0,4.0)
:Sending Trackball (ACTION_MOVE): 0:(1.0,0.0)
:Sending Trackball (ACTION_MOVE): 0:(4.0,-4.0)
:Sending Trackball (ACTION_MOVE): 0:(-2.0,4.0)
:Sending Trackball (ACTION_MOVE): 0:(0.0,3.0)
:Sending Trackball (ACTION_MOVE): 0:(2.0,4.0)
:Sending Touch (ACTION_DOWN): 0:(542.0,491.0)
:Sending Touch (ACTION_POINTER_DOWN 1): 0:(539.0972,496.23898) 1:(894.0,1864.0)
:Sending Touch (ACTION_MOVE): 0:(536.38873,496.62415) 1:(894.6241,1865.9108)
:Sending Touch (ACTION_MOVE): 0:(535.4805,501.73517) 1:(895.4051,1870.8524)
:Sending Touch (ACTION_MOVE): 0:(532.47955,506.3196) 1:(896.26324,1879.8263)
:Sending Touch (ACTION_MOVE): 0:(530.66656,509.59973) 1:(896.3439,1882.7418)
:Sending Touch (ACTION_POINTER_UP 1): 0:(530.1716,514.5516) 1:(896.622,1888.0693)
:Sending Touch (ACTION_UP): 0:(528.1371,520.77606)
    // Injection Failed
Sleeping for 500 milliseconds
:Sending Key (ACTION_DOWN): 124    // KEYCODE_INSERT
:Sending Key (ACTION_UP): 124    // KEYCODE_INSERT
Sleeping for 500 milliseconds
:Sending Trackball (ACTION_MOVE): 0:(-3.0,0.0)
:Sending Trackball (ACTION_MOVE): 0:(4.0,-5.0)
:Sending Trackball (ACTION_MOVE): 0:(-2.0,4.0)
:Sending Trackball (ACTION_MOVE): 0:(2.0,3.0)
:Sending Trackball (ACTION_MOVE): 0:(-3.0,2.0)
:Sending Trackball (ACTION_MOVE): 0:(3.0,-4.0)
:Sending Trackball (ACTION_MOVE): 0:(-1.0,1.0)
:Sending Trackball (ACTION_MOVE): 0:(2.0,-1.0)
:Sending Trackball (ACTION_MOVE): 0:(-1.0,-4.0)
:Sending Trackball (ACTION_MOVE): 0:(-5.0,-3.0)
:Sending Trackball (ACTION_DOWN): 0:(0.0,0.0)
:Sending Trackball (ACTION_UP): 0:(0.0,0.0)
Sleeping for 500 milliseconds
:Sending Key (ACTION_DOWN): 20    // KEYCODE_DPAD_DOWN
:Sending Key (ACTION_UP): 20    // KEYCODE_DPAD_DOWN
Sleeping for 500 milliseconds
:Sending Key (ACTION_DOWN): 21    // KEYCODE_DPAD_LEFT
:Sending Key (ACTION_UP): 21    // KEYCODE_DPAD_LEFT
Sleeping for 500 milliseconds
:Sending Key (ACTION_DOWN): 42    // KEYCODE_N
:Sending Key (ACTION_UP): 42    // KEYCODE_N
Sleeping for 500 milliseconds
:Sending Key (ACTION_DOWN): 21    // KEYCODE_DPAD_LEFT
:Sending Key (ACTION_UP): 21    // KEYCODE_DPAD_LEFT
Sleeping for 500 milliseconds
:Sending Key (ACTION_DOWN): 21    // KEYCODE_DPAD_LEFT
:Sending Key (ACTION_UP): 21    // KEYCODE_DPAD_LEFT
Sleeping for 500 milliseconds
:Sending Touch (ACTION_DOWN): 0:(574.0,293.0)
:Sending Touch (ACTION_UP): 0:(580.8688,282.51413)
Sleeping for 500 milliseconds
:Sending Key (ACTION_DOWN): 22    // KEYCODE_DPAD_RIGHT
:Sending Key (ACTION_UP): 22    // KEYCODE_DPAD_RIGHT
    //[calendar_time:2021-02-19 07:20:34.102  system_uptime:48591105]
    // Sending event #400
Sleeping for 500 milliseconds
    //[calendar_time:2021-02-19 07:20:34.687  system_uptime:48591690]
    // Sending event #400
:Sending Touch (ACTION_DOWN): 0:(349.0,1376.0)
:Sending Touch (ACTION_UP): 0:(352.44305,1375.9403)
Sleeping for 500 milliseconds
:Sending Key (ACTION_DOWN): 22    // KEYCODE_DPAD_RIGHT
:Sending Key (ACTION_UP): 22    // KEYCODE_DPAD_RIGHT
Sleeping for 500 milliseconds
:Sending Key (ACTION_DOWN): 19    // KEYCODE_DPAD_UP
:Sending Key (ACTION_UP): 19    // KEYCODE_DPAD_UP
Sleeping for 500 milliseconds
:Sending Trackball (ACTION_MOVE): 0:(1.0,4.0)
:Sending Trackball (ACTION_MOVE): 0:(-4.0,1.0)
:Sending Trackball (ACTION_MOVE): 0:(-4.0,-2.0)
:Sending Trackball (ACTION_MOVE): 0:(3.0,3.0)
:Sending Trackball (ACTION_MOVE): 0:(-2.0,0.0)
:Sending Trackball (ACTION_MOVE): 0:(2.0,3.0)
:Sending Trackball (ACTION_MOVE): 0:(0.0,3.0)
:Sending Trackball (ACTION_MOVE): 0:(-5.0,4.0)
:Sending Trackball (ACTION_MOVE): 0:(-1.0,-1.0)
:Sending Trackball (ACTION_MOVE): 0:(-3.0,-2.0)
:Sending Key (ACTION_DOWN): 21    // KEYCODE_DPAD_LEFT
:Sending Key (ACTION_UP): 21    // KEYCODE_DPAD_LEFT
Sleeping for 500 milliseconds
:Sending Key (ACTION_DOWN): 82    // KEYCODE_MENU
:Sending Key (ACTION_UP): 82    // KEYCODE_MENU
Sleeping for 500 milliseconds
:Sending Trackball (ACTION_MOVE): 0:(-5.0,-1.0)
:Sending Trackball (ACTION_MOVE): 0:(3.0,-2.0)
:Sending Trackball (ACTION_MOVE): 0:(4.0,2.0)
:Sending Trackball (ACTION_MOVE): 0:(0.0,-5.0)
:Sending Trackball (ACTION_MOVE): 0:(-5.0,-1.0)
:Sending Trackball (ACTION_MOVE): 0:(0.0,1.0)
:Sending Trackball (ACTION_MOVE): 0:(-3.0,-3.0)
:Sending Trackball (ACTION_MOVE): 0:(0.0,-3.0)
:Sending Trackball (ACTION_MOVE): 0:(-3.0,3.0)
:Sending Trackball (ACTION_MOVE): 0:(3.0,-2.0)
:Sending Touch (ACTION_DOWN): 0:(1036.0,82.0)
:Sending Touch (ACTION_UP): 0:(1031.6864,80.99791)
    // Injection Failed
Sleeping for 500 milliseconds
:Sending Key (ACTION_DOWN): 22    // KEYCODE_DPAD_RIGHT
:Sending Key (ACTION_UP): 22    // KEYCODE_DPAD_RIGHT
Sleeping for 500 milliseconds
:Sending Key (ACTION_DOWN): 247    // KEYCODE_TV_INPUT_COMPOSITE_1
:Sending Key (ACTION_UP): 247    // KEYCODE_TV_INPUT_COMPOSITE_1
Sleeping for 500 milliseconds
:Sending Key (ACTION_DOWN): 278    // KEYCODE_COPY
:Sending Key (ACTION_UP): 278    // KEYCODE_COPY
Sleeping for 500 milliseconds
:Sending Key (ACTION_DOWN): 141    // KEYCODE_F11
:Sending Key (ACTION_UP): 141    // KEYCODE_F11
Sleeping for 500 milliseconds
:Sending Trackball (ACTION_MOVE): 0:(-3.0,0.0)
:Sending Trackball (ACTION_MOVE): 0:(-2.0,4.0)
:Sending Trackball (ACTION_MOVE): 0:(0.0,-3.0)
:Sending Trackball (ACTION_MOVE): 0:(-5.0,-5.0)
:Sending Trackball (ACTION_MOVE): 0:(-1.0,4.0)
:Sending Trackball (ACTION_MOVE): 0:(-1.0,2.0)
:Sending Trackball (ACTION_MOVE): 0:(-4.0,2.0)
:Sending Trackball (ACTION_MOVE): 0:(-5.0,2.0)
:Sending Trackball (ACTION_MOVE): 0:(3.0,-3.0)
:Sending Trackball (ACTION_MOVE): 0:(-4.0,2.0)
:Sending Key (ACTION_DOWN): 20    // KEYCODE_DPAD_DOWN
:Sending Key (ACTION_UP): 20    // KEYCODE_DPAD_DOWN
Sleeping for 500 milliseconds
:Sending Key (ACTION_DOWN): 19    // KEYCODE_DPAD_UP
:Sending Key (ACTION_UP): 19    // KEYCODE_DPAD_UP
Sleeping for 500 milliseconds
:Sending Key (ACTION_DOWN): 19    // KEYCODE_DPAD_UP
:Sending Key (ACTION_UP): 19    // KEYCODE_DPAD_UP
Sleeping for 500 milliseconds
:Sending Key (ACTION_DOWN): 119    // KEYCODE_FUNCTION
:Sending Key (ACTION_UP): 119    // KEYCODE_FUNCTION
Sleeping for 500 milliseconds
:Sending Touch (ACTION_DOWN): 0:(313.0,927.0)
:Sending Touch (ACTION_UP): 0:(304.74612,932.74176)
Sleeping for 500 milliseconds
:Sending Key (ACTION_DOWN): 122    // KEYCODE_MOVE_HOME
:Sending Key (ACTION_UP): 122    // KEYCODE_MOVE_HOME
Sleeping for 500 milliseconds
:Sending Touch (ACTION_DOWN): 0:(684.0,1775.0)
:Sending Touch (ACTION_UP): 0:(687.7674,1777.6882)
Sleeping for 500 milliseconds
:Sending Touch (ACTION_DOWN): 0:(250.0,1727.0)
:Sending Touch (ACTION_UP): 0:(261.60388,1707.5509)
Sleeping for 500 milliseconds
:Sending Key (ACTION_DOWN): 21    // KEYCODE_DPAD_LEFT
:Sending Key (ACTION_UP): 21    // KEYCODE_DPAD_LEFT
Sleeping for 500 milliseconds
:Sending Trackball (ACTION_MOVE): 0:(0.0,-1.0)
:Sending Trackball (ACTION_MOVE): 0:(1.0,4.0)
:Sending Trackball (ACTION_MOVE): 0:(4.0,1.0)
:Sending Trackball (ACTION_MOVE): 0:(0.0,-3.0)
:Sending Trackball (ACTION_MOVE): 0:(-3.0,1.0)
:Sending Trackball (ACTION_MOVE): 0:(3.0,4.0)
:Sending Trackball (ACTION_MOVE): 0:(0.0,3.0)
:Sending Trackball (ACTION_MOVE): 0:(2.0,0.0)
:Sending Trackball (ACTION_MOVE): 0:(4.0,2.0)
:Sending Trackball (ACTION_MOVE): 0:(-4.0,2.0)
:Sending Trackball (ACTION_DOWN): 0:(0.0,0.0)
:Sending Trackball (ACTION_UP): 0:(0.0,0.0)
Sleeping for 500 milliseconds
:Sending Key (ACTION_DOWN): 82    // KEYCODE_MENU
:Sending Key (ACTION_UP): 82    // KEYCODE_MENU
Sleeping for 500 milliseconds
:Sending Touch (ACTION_DOWN): 0:(513.0,1809.0)
:Sending Touch (ACTION_UP): 0:(525.49384,1818.1785)
Sleeping for 500 milliseconds
:Sending Key (ACTION_DOWN): 83    // KEYCODE_NOTIFICATION
:Sending Key (ACTION_UP): 83    // KEYCODE_NOTIFICATION
Sleeping for 500 milliseconds
:Sending Key (ACTION_DOWN): 82    // KEYCODE_MENU
:Sending Key (ACTION_UP): 82    // KEYCODE_MENU
Sleeping for 500 milliseconds
:Sending Key (ACTION_DOWN): 23    // KEYCODE_DPAD_CENTER
:Sending Key (ACTION_UP): 23    // KEYCODE_DPAD_CENTER
Sleeping for 500 milliseconds
:Sending Key (ACTION_DOWN): 23    // KEYCODE_DPAD_CENTER
:Sending Key (ACTION_UP): 23    // KEYCODE_DPAD_CENTER
Sleeping for 500 milliseconds
:Sending Touch (ACTION_DOWN): 0:(74.0,1569.0)
:Sending Touch (ACTION_UP): 0:(75.44063,1570.9404)
    // Injection Failed
Sleeping for 500 milliseconds
:Sending Trackball (ACTION_MOVE): 0:(4.0,-3.0)
:Sending Trackball (ACTION_MOVE): 0:(0.0,2.0)
:Sending Trackball (ACTION_MOVE): 0:(-2.0,1.0)
:Sending Trackball (ACTION_MOVE): 0:(-4.0,2.0)
:Sending Trackball (ACTION_MOVE): 0:(3.0,0.0)
:Sending Trackball (ACTION_MOVE): 0:(-4.0,0.0)
Events injected: 500
:Sending rotation degree=0, persist=false
:Dropped: keys=0 pointers=9 trackballs=0 flips=0 rotations=0
## Network stats: elapsed time=79477ms (0ms mobile, 0ms wifi, 79477ms not connected)
// Monkey finished
